<?xml version="1.0" encoding="UTF-8"?>
<!-- Generated by org.testng.reporters.JUnitReportReporter -->
<testsuite skipped="0" hostname="DESKTOP-GQFH89F" name="testCases.GET_or_Read_A_Product" tests="1" failures="0" timestamp="20 Jun 2021 17:15:23 GMT" time="3.070" errors="0">
  <testcase name="read_A_Product" time="3.070" classname="testCases.GET_or_Read_A_Product"/>
</testsuite> <!-- testCases.GET_or_Read_A_Product -->
