<?xml version="1.0" encoding="UTF-8"?>
<!-- Generated by org.testng.reporters.JUnitReportReporter -->
<testsuite skipped="0" hostname="DESKTOP-GQFH89F" name="testCases.GET_or_Read_All_Products" tests="1" failures="0" timestamp="20 Jun 2021 16:26:12 GMT" time="2.869" errors="0">
  <testcase name="read_All_Products" time="2.869" classname="testCases.GET_or_Read_All_Products"/>
</testsuite> <!-- testCases.GET_or_Read_All_Products -->
