<?xml version="1.0" encoding="UTF-8"?>
<!-- Generated by org.testng.reporters.JUnitReportReporter -->
<testsuite skipped="0" hostname="DESKTOP-GQFH89F" name="testCases.PUT_or_Update_A_Product$POST_or_Create_A_Product" tests="2" failures="0" timestamp="25 Jun 2021 01:58:58 GMT" time="3.700" errors="0">
  <testcase name="update_A_Product" time="0.926" classname="testCases.PUT_or_Update_A_Product$POST_or_Create_A_Product"/>
  <testcase name="read_A_Product" time="2.774" classname="testCases.PUT_or_Update_A_Product$POST_or_Create_A_Product"/>
</testsuite> <!-- testCases.PUT_or_Update_A_Product$POST_or_Create_A_Product -->
