<?xml version="1.0" encoding="UTF-8"?>
<!-- Generated by org.testng.reporters.JUnitReportReporter -->
<testsuite skipped="0" hostname="DESKTOP-GQFH89F" name="testCases.POST_or_Create_A_Product" tests="1" failures="0" timestamp="26 Jun 2021 17:27:39 GMT" time="4.673" errors="0">
  <testcase name="create_A_Product" time="4.673" classname="testCases.POST_or_Create_A_Product"/>
</testsuite> <!-- testCases.POST_or_Create_A_Product -->
