<?xml version="1.0" encoding="UTF-8"?>
<!-- Generated by org.testng.reporters.JUnitReportReporter -->
<testsuite skipped="0" hostname="DESKTOP-GQFH89F" name="testCases.Delete_A_Product" tests="1" failures="0" timestamp="25 Jun 2021 02:11:14 GMT" time="3.095" errors="0">
  <testcase name="delete_A_Product" time="3.095" classname="testCases.Delete_A_Product"/>
</testsuite> <!-- testCases.Delete_A_Product -->
