<?xml version="1.0" encoding="UTF-8"?>
<!-- Generated by org.testng.reporters.JUnitReportReporter -->
<testsuite skipped="0" hostname="DESKTOP-GQFH89F" name="testCases.POST_or_Update_A_Product$POST_or_Create_A_Product" tests="2" failures="0" timestamp="25 Jun 2021 01:31:50 GMT" time="3.823" errors="0">
  <testcase name="read_A_Product" time="2.820" classname="testCases.POST_or_Update_A_Product$POST_or_Create_A_Product"/>
  <testcase name="update_A_Product" time="1.003" classname="testCases.POST_or_Update_A_Product$POST_or_Create_A_Product"/>
</testsuite> <!-- testCases.POST_or_Update_A_Product$POST_or_Create_A_Product -->
